# JRE version: OpenJDK Runtime Environment (18.0.2.1+1) (build 18.0.2.1+1-1)
# Java VM: OpenJDK 64-Bit Server VM (18.0.2.1+1-1, mixed mode, emulated-client, sharing, tiered, compressed oops, compressed class ptrs, g1 gc, windows-amd64)
GC Precious Log:
 CardTable entry size: 512
 Card Set container configuration: InlinePtr #cards 5 size 8 Array Of Cards #cards 12 size 40 Howl #buckets 4 coarsen threshold 1843 Howl Bitmap #cards 512 size 80 coarsen threshold 460 Card regions per heap region 1 cards per card region 2048
 CPUs: 4 total, 4 available
 Memory: 7590M
 Large Page Support: Disabled
 NUMA Support: Disabled
 Compressed Oops: Enabled (32-bit)
 Heap Region Size: 1M
 Heap Min Capacity: 8M
 Heap Initial Capacity: 120M
 Heap Max Capacity: 1898M
 Pre-touch: Disabled
 Parallel Workers: 4
 Concurrent Workers: 1
 Concurrent Refinement Workers: 4
 Periodic GC: Disabled
Heap:
 garbage-first heap   total 45056K, used 22927K [0x0000000089600000, 0x0000000100000000)
  region size 1024K, 10 young (10240K), 2 survivors (2048K)
 Metaspace       used 33830K, committed 34432K, reserved 1114112K
  class space    used 4370K, committed 4608K, reserved 1048576K
GC Heap History (20 events):
Event: 2921.873 GC heap after
{Heap after GC invocations=53 (full 19):
 garbage-first heap   total 45056K, used 13630K [0x0000000089600000, 0x0000000100000000)
  region size 1024K, 0 young (0K), 0 survivors (0K)
 Metaspace       used 33766K, committed 34432K, reserved 1114112K
  class space    used 4357K, committed 4608K, reserved 1048576K
}
Event: 2922.275 GC heap before
{Heap before GC invocations=53 (full 19):
 garbage-first heap   total 45056K, used 32062K [0x0000000089600000, 0x0000000100000000)
  region size 1024K, 19 young (19456K), 0 survivors (0K)
 Metaspace       used 33787K, committed 34432K, reserved 1114112K
  class space    used 4362K, committed 4608K, reserved 1048576K
}
Event: 2922.278 GC heap after
{Heap after GC invocations=54 (full 19):
 garbage-first heap   total 45056K, used 15423K [0x0000000089600000, 0x0000000100000000)
  region size 1024K, 2 young (2048K), 2 survivors (2048K)
 Metaspace       used 33787K, committed 34432K, reserved 1114112K
  class space    used 4362K, committed 4608K, reserved 1048576K
}
Event: 2927.940 GC heap before
{Heap before GC invocations=54 (full 19):
 garbage-first heap   total 45056K, used 21567K [0x0000000089600000, 0x0000000100000000)
  region size 1024K, 9 young (9216K), 2 survivors (2048K)
 Metaspace       used 33793K, committed 34432K, reserved 1114112K
  class space    used 4364K, committed 4608K, reserved 1048576K
}
Event: 2927.979 GC heap after
{Heap after GC invocations=55 (full 20):
 garbage-first heap   total 45056K, used 13621K [0x0000000089600000, 0x0000000100000000)
  region size 1024K, 0 young (0K), 0 survivors (0K)
 Metaspace       used 33764K, committed 34432K, reserved 1114112K
  class space    used 4358K, committed 4608K, reserved 1048576K
}
Event: 2928.426 GC heap before
{Heap before GC invocations=55 (full 20):
 garbage-first heap   total 45056K, used 32053K [0x0000000089600000, 0x0000000100000000)
  region size 1024K, 18 young (18432K), 0 survivors (0K)
 Metaspace       used 33776K, committed 34432K, reserved 1114112K
  class space    used 4360K, committed 4608K, reserved 1048576K
}
Event: 2928.429 GC heap after
{Heap after GC invocations=56 (full 20):
 garbage-first heap   total 45056K, used 15318K [0x0000000089600000, 0x0000000100000000)
  region size 1024K, 2 young (2048K), 2 survivors (2048K)
 Metaspace       used 33776K, committed 34432K, reserved 1114112K
  class space    used 4360K, committed 4608K, reserved 1048576K
}
Event: 2949.569 GC heap before
{Heap before GC invocations=56 (full 20):
 garbage-first heap   total 45056K, used 22486K [0x0000000089600000, 0x0000000100000000)
  region size 1024K, 10 young (10240K), 2 survivors (2048K)
 Metaspace       used 33800K, committed 34432K, reserved 1114112K
  class space    used 4364K, committed 4608K, reserved 1048576K
}
Event: 2949.608 GC heap after
{Heap after GC invocations=57 (full 21):
 garbage-first heap   total 45056K, used 13674K [0x0000000089600000, 0x0000000100000000)
  region size 1024K, 0 young (0K), 0 survivors (0K)
 Metaspace       used 33797K, committed 34432K, reserved 1114112K
  class space    used 4363K, committed 4608K, reserved 1048576K
}
Event: 2950.038 GC heap before
{Heap before GC invocations=57 (full 21):
 garbage-first heap   total 45056K, used 33130K [0x0000000089600000, 0x0000000100000000)
  region size 1024K, 19 young (19456K), 0 survivors (0K)
 Metaspace       used 33816K, committed 34432K, reserved 1114112K
  class space    used 4367K, committed 4608K, reserved 1048576K
}
Event: 2950.041 GC heap after
{Heap after GC invocations=58 (full 21):
 garbage-first heap   total 45056K, used 15506K [0x0000000089600000, 0x0000000100000000)
  region size 1024K, 2 young (2048K), 2 survivors (2048K)
 Metaspace       used 33816K, committed 34432K, reserved 1114112K
  class space    used 4367K, committed 4608K, reserved 1048576K
}
Event: 3040.037 GC heap before
{Heap before GC invocations=58 (full 21):
 garbage-first heap   total 45056K, used 22674K [0x0000000089600000, 0x0000000100000000)
  region size 1024K, 10 young (10240K), 2 survivors (2048K)
 Metaspace       used 33844K, committed 34432K, reserved 1114112K
  class space    used 4371K, committed 4608K, reserved 1048576K
}
Event: 3040.076 GC heap after
{Heap after GC invocations=59 (full 22):
 garbage-first heap   total 45056K, used 13704K [0x0000000089600000, 0x0000000100000000)
  region size 1024K, 0 young (0K), 0 survivors (0K)
 Metaspace       used 33841K, committed 34432K, reserved 1114112K
  class space    used 4370K, committed 4608K, reserved 1048576K
}
Event: 3040.492 GC heap before
{Heap before GC invocations=59 (full 22):
 garbage-first heap   total 45056K, used 33160K [0x0000000089600000, 0x0000000100000000)
  region size 1024K, 19 young (19456K), 0 survivors (0K)
 Metaspace       used 33856K, committed 34432K, reserved 1114112K
  class space    used 4373K, committed 4608K, reserved 1048576K
}
Event: 3040.495 GC heap after
{Heap after GC invocations=60 (full 22):
 garbage-first heap   total 45056K, used 15557K [0x0000000089600000, 0x0000000100000000)
  region size 1024K, 2 young (2048K), 2 survivors (2048K)
 Metaspace       used 33856K, committed 34432K, reserved 1114112K
  class space    used 4373K, committed 4608K, reserved 1048576K
}
Event: 3333.734 GC heap before
{Heap before GC invocations=60 (full 22):
 garbage-first heap   total 45056K, used 26821K [0x0000000089600000, 0x0000000100000000)
  region size 1024K, 14 young (14336K), 2 survivors (2048K)
 Metaspace       used 33866K, committed 34432K, reserved 1114112K
  class space    used 4375K, committed 4608K, reserved 1048576K
}
Event: 3333.773 GC heap after
{Heap after GC invocations=61 (full 23):
 garbage-first heap   total 45056K, used 13659K [0x0000000089600000, 0x0000000100000000)
  region size 1024K, 0 young (0K), 0 survivors (0K)
 Metaspace       used 33803K, committed 34432K, reserved 1114112K
  class space    used 4365K, committed 4608K, reserved 1048576K
}
Event: 3334.243 GC heap before
{Heap before GC invocations=61 (full 23):
 garbage-first heap   total 45056K, used 32091K [0x0000000089600000, 0x0000000100000000)
  region size 1024K, 19 young (19456K), 0 survivors (0K)
 Metaspace       used 33816K, committed 34432K, reserved 1114112K
  class space    used 4368K, committed 4608K, reserved 1048576K
}
Event: 3334.246 GC heap after
{Heap after GC invocations=62 (full 23):
 garbage-first heap   total 45056K, used 15518K [0x0000000089600000, 0x0000000100000000)
  region size 1024K, 2 young (2048K), 2 survivors (2048K)
 Metaspace       used 33816K, committed 34432K, reserved 1114112K
  class space    used 4368K, committed 4608K, reserved 1048576K
}
Event: 3389.500 GC heap before
{Heap before GC invocations=62 (full 23):
 garbage-first heap   total 45056K, used 22686K [0x0000000089600000, 0x0000000100000000)
  region size 1024K, 10 young (10240K), 2 survivors (2048K)
 Metaspace       used 33830K, committed 34432K, reserved 1114112K
  class space    used 4370K, committed 4608K, reserved 1048576K
}

